GenOpt(R) Optimization Version 3.1.0, December 8, 2011

Lawrence Berkeley National Laboratory
http://simulationresearch.lbl.gov
Michael Wetter, MWetter@lbl.gov

GenOpt Copyright (c) 1998-2011, The Regents of the
University of California, through Lawrence Berkeley
National Laboratory (subject to receipt of any 
required approvals from the U.S. Dept. of Energy).
All rights reserved.

The development of GenOpt is supported by
the U.S. Department of Energy (DOE),
the Swiss Academy of Engineering Sciences (SATW),
the Swiss National Energy Fund (NEFF), and
the Swiss National Science Foundation (SNSF).
_______________________________________________________________

Configuration file : /var/www/html/winopt/working_directory/304c6ec7-37de-dc01-b2f4-b7cb22d0140f/optLinux.ini
Command file       : /var/www/html/winopt/working_directory/304c6ec7-37de-dc01-b2f4-b7cb22d0140f/command.txt

Optimization started  at : Sat Nov 15 21:54:14 UTC 2014
Optimization finished at : Sat Nov 15 22:03:32 UTC 2014
Execution time           :            00:09:19
_______________________________________________________________

Optimization completed successfully.
